2022-09-25 20:42:30:4230 info: Server listening on port 8080
2022-09-25 20:42:55:4255 info: GET / 404 3.405 ms - 139
2022-09-25 20:44:14:4414 info: Server listening on port 8080
2022-09-25 20:44:32:4432 info: Server listening on port 8080
2022-09-25 20:44:33:4433 info: GET / 200 3.989 ms - 11
2022-09-25 20:44:33:4433 info: GET /favicon.ico 404 1.987 ms - 150
2022-09-25 20:44:59:4459 info: GET / 200 1.468 ms - 11
2022-09-25 21:13:34:1334 info: Server listening on port 8080
2022-09-25 21:14:29:1429 info: Server listening on port 8080
2022-09-25 21:15:25:1525 info: Server listening on port 8080
2022-09-25 21:15:52:1552 info: Server listening on port 8080
2022-09-25 21:16:21:1621 info: Server listening on port 8080
2022-09-25 21:16:30:1630 info: GET /v1/api/users 500 2.822 ms - 115
2022-09-25 21:16:57:1657 info: Server listening on port 8080
2022-09-25 21:17:00:170 info: GET /v1/api/users 500 4.117 ms - 97
2022-09-25 21:17:16:1716 info: Server listening on port 8080
2022-09-25 21:17:17:1717 info: GET /v1/api/users 500 4.338 ms - 97
2022-09-25 21:17:20:1720 info: GET /v1/api/users 500 1.294 ms - 97
2022-09-25 21:18:38:1838 info: Server listening on port 8080
2022-09-25 21:18:39:1839 info: [object Object]
2022-09-25 21:18:39:1839 info: GET /v1/api/users 200 5.640 ms - 335
2022-09-25 21:19:06:196 info: Server listening on port 8080
2022-09-25 21:19:10:1910 info: GET /v1/api/users 500 7.111 ms - 584
2022-09-25 21:23:00:230 info: Server listening on port 8080
2022-09-25 21:23:04:234 info: GET /v1/api/users 500 10.831 ms - 584
2022-09-25 21:23:29:2329 info: Server listening on port 8080
2022-09-25 21:23:31:2331 info: [object Object],[object Object],[object Object],[object Object],[object Object],[object Object],[object Object],[object Object]
2022-09-25 21:23:31:2331 info: GET /v1/api/users 200 23.304 ms - 15155
2022-09-25 21:24:11:2411 info: Server listening on port 8080
2022-09-25 21:24:15:2415 info: [object Object],[object Object],[object Object],[object Object],[object Object],[object Object],[object Object],[object Object]
2022-09-25 21:24:15:2415 info: GET /v1/api/users 200 32.184 ms - 15253
2022-09-25 21:24:41:2441 info: Server listening on port 8080
2022-09-25 21:24:44:2444 info: [object Object]
2022-09-25 21:24:44:2444 info: GET /v1/api/users 200 25.960 ms - 250
2022-09-25 21:25:47:2547 info: Server listening on port 8080
2022-09-25 21:25:50:2550 info: 
2022-09-25 21:25:50:2550 info: GET /v1/api/users 200 40.656 ms - 58
2022-09-25 21:27:51:2751 info: Server listening on port 8080
2022-09-25 21:27:54:2754 info: 
2022-09-25 21:27:54:2754 info: GET /v1/api/users 200 32.199 ms - 58
2022-09-25 21:27:55:2755 info: 
2022-09-25 21:27:55:2755 info: GET /v1/api/users 200 6.655 ms - 58
2022-09-25 21:28:25:2825 info: Server listening on port 8080
2022-09-25 21:28:27:2827 info: [object Object]
2022-09-25 21:28:27:2827 info: GET /v1/api/users 200 26.080 ms - 250
2022-09-25 21:29:32:2932 info: Server listening on port 8080
2022-09-25 21:29:34:2934 info: [object Object]
2022-09-25 21:29:34:2934 info: GET /v1/api/users 200 27.407 ms - 254
2022-09-25 21:29:35:2935 info: [object Object]
2022-09-25 21:29:35:2935 info: GET /v1/api/users 200 8.989 ms - 254
2022-09-25 21:29:50:2950 info: Server listening on port 8080
2022-09-25 21:29:51:2951 info: [object Object]
2022-09-25 21:29:51:2951 info: GET /v1/api/users 200 36.094 ms - 282
2022-09-25 21:29:52:2952 info: [object Object]
2022-09-25 21:29:52:2952 info: GET /v1/api/users 200 4.865 ms - 282
2022-09-25 21:29:52:2952 info: [object Object]
2022-09-25 21:29:52:2952 info: GET /v1/api/users 200 5.807 ms - 282
2022-09-25 21:29:53:2953 info: [object Object]
2022-09-25 21:29:53:2953 info: GET /v1/api/users 200 4.158 ms - 282
2022-09-25 21:29:53:2953 info: [object Object]
2022-09-25 21:29:53:2953 info: GET /v1/api/users 200 5.901 ms - 282
2022-09-25 21:29:57:2957 info: Server listening on port 8080
2022-09-25 21:31:34:3134 info: Server listening on port 8080
2022-09-25 21:31:43:3143 info: Server listening on port 8080
2022-09-25 21:31:46:3146 info: [object Object]
2022-09-25 21:31:46:3146 info: GET /v1/api/users 200 27.389 ms - 250
2022-09-25 21:31:53:3153 info: Server listening on port 8080
2022-09-25 21:31:54:3154 info: Server listening on port 8080
2022-09-25 21:31:55:3155 info: Server listening on port 8080
2022-09-25 21:31:58:3158 info: GET /v1/api/users 200 27.976 ms - 250
2022-09-25 21:31:59:3159 info: GET /v1/api/users 200 8.694 ms - 250
2022-09-25 21:32:31:3231 info: Server listening on port 8080
2022-09-25 21:32:32:3232 info: GET /v1/api/users 200 30.782 ms - 62
2022-09-25 21:32:51:3251 info: Server listening on port 8080
2022-09-25 21:32:54:3254 info: Server listening on port 8080
2022-09-25 21:33:02:332 info: Server listening on port 8080
2022-09-25 21:33:04:334 info: Server listening on port 8080
2022-09-25 21:33:25:3325 info: Server listening on port 8080
2022-09-25 21:33:36:3336 info: Server listening on port 8080
2022-09-25 21:34:18:3418 info: Server listening on port 8080
2022-09-25 21:34:19:3419 info: Server listening on port 8080
2022-09-25 21:34:30:3430 info: Server listening on port 8080
2022-09-25 21:34:32:3432 info: GET /v1/api/users 200 26.705 ms - 92
2022-09-25 21:35:00:350 info: Server listening on port 8080
2022-09-25 21:35:02:352 info: GET /v1/api/users 200 23.873 ms - 189
2022-09-25 21:35:11:3511 info: Server listening on port 8080
2022-09-25 21:35:12:3512 info: GET /v1/api/users 200 33.302 ms - 196
2022-09-25 21:35:17:3517 info: Server listening on port 8080
2022-09-25 21:35:47:3547 info: Server listening on port 8080
2022-09-25 21:36:33:3633 info: Server listening on port 8080
2022-09-25 21:36:39:3639 info: Server listening on port 8080
2022-09-25 21:36:51:3651 info: Server listening on port 8080
2022-09-25 21:36:56:3656 info: Server listening on port 8080
2022-09-25 21:37:04:374 info: Server listening on port 8080
2022-09-25 21:37:07:377 info: Server listening on port 8080
2022-09-25 21:37:16:3716 info: POST /v1/api/users 500 25.671 ms - 137
2022-09-25 21:37:45:3745 info: POST /v1/api/users 500 22.710 ms - 94
2022-09-25 21:37:56:3756 info: Server listening on port 8080
2022-09-25 21:37:58:3758 info: POST /v1/api/users 500 39.518 ms - 89
2022-09-25 21:38:06:386 info: Server listening on port 8080
2022-09-25 21:38:07:387 info: POST /v1/api/users 500 32.749 ms - 127
2022-09-25 21:38:09:389 info: POST /v1/api/users 500 5.785 ms - 127
2022-09-25 21:38:20:3820 info: POST /v1/api/users 200 7.048 ms - 147
2022-09-25 21:38:28:3828 info: Server listening on port 8080
2022-09-25 21:38:37:3837 info: POST /v1/api/users 500 32.533 ms - 127
2022-09-25 21:39:04:394 info: Server listening on port 8080
2022-09-25 21:39:18:3918 info: Server listening on port 8080
2022-09-25 21:39:24:3924 info: Server listening on port 8080
2022-09-25 21:39:25:3925 info: POST /v1/api/users 500 37.685 ms - 127
2022-09-25 21:39:28:3928 info: POST /v1/api/users 200 13.274 ms - 154
2022-09-25 21:39:34:3934 info: POST /v1/api/users 200 18.715 ms - 154
2022-09-25 21:39:36:3936 info: POST /v1/api/users 200 5.780 ms - 155
2022-09-25 21:40:31:4031 info: Server listening on port 8080
2022-09-25 21:41:18:4118 info: Server listening on port 8080
2022-09-25 21:41:23:4123 info: POST /v1/api/users 400 16.650 ms - 96
2022-09-25 21:41:25:4125 info: POST /v1/api/users 400 1.243 ms - 96
2022-09-25 21:41:36:4136 info: Server listening on port 8080
