2022-10-11 17:32:32:3232 info: Server listening on port 8080
2022-10-11 17:32:45:3245 info: Server listening on port 8080
2022-10-11 17:32:50:3250 info: Server listening on port 8080
2022-10-11 17:32:53:3253 info: Server listening on port 8080
2022-10-11 17:33:07:337 info: Server listening on port 8080
2022-10-11 17:33:14:3314 info: Server listening on port 8080
2022-10-11 17:33:22:3322 info: Server listening on port 8080
2022-10-11 17:33:25:3325 info: Server listening on port 8080
2022-10-11 17:33:49:3349 info: Server listening on port 8080
2022-10-11 17:33:53:3353 info: Server listening on port 8080
2022-10-11 17:34:01:341 info: Server listening on port 8080
2022-10-11 17:34:02:342 info: Server listening on port 8080
2022-10-11 17:34:04:344 info: Server listening on port 8080
2022-10-11 17:34:06:346 info: Server listening on port 8080
2022-10-11 17:34:10:3410 info: Server listening on port 8080
2022-10-11 17:36:05:365 info: Server listening on port 8080
2022-10-11 17:36:09:369 info: Server listening on port 8080
2022-10-11 17:37:14:3714 info: Server listening on port 8080
2022-10-11 17:37:19:3719 info: Server listening on port 8080
2022-10-11 17:37:22:3722 info: Server listening on port 8080
2022-10-11 17:37:29:3729 info: Server listening on port 8080
2022-10-11 17:37:37:3737 info: Server listening on port 8080
2022-10-11 17:37:41:3741 info: Server listening on port 8080
2022-10-11 17:37:44:3744 info: Server listening on port 8080
2022-10-11 17:37:54:3754 info: Server listening on port 8080
2022-10-11 17:37:57:3757 info: Server listening on port 8080
2022-10-11 17:37:58:3758 info: Server listening on port 8080
2022-10-11 17:38:02:382 info: Server listening on port 8080
2022-10-11 17:38:05:385 info: Server listening on port 8080
2022-10-11 17:38:23:3823 info: Server listening on port 8080
2022-10-11 17:38:32:3832 info: Server listening on port 8080
2022-10-11 17:38:41:3841 info: Server listening on port 8080
2022-10-11 17:38:45:3845 info: Server listening on port 8080
2022-10-11 17:38:50:3850 info: Server listening on port 8080
2022-10-11 17:38:55:3855 info: Server listening on port 8080
2022-10-11 17:38:58:3858 info: Server listening on port 8080
2022-10-11 17:38:59:3859 info: Server listening on port 8080
2022-10-11 17:39:15:3915 info: Server listening on port 8080
2022-10-11 17:39:22:3922 info: Server listening on port 8080
2022-10-11 17:39:27:3927 info: Server listening on port 8080
2022-10-11 17:39:31:3931 info: Server listening on port 8080
2022-10-11 17:39:33:3933 info: Server listening on port 8080
2022-10-11 17:39:36:3936 info: Server listening on port 8080
2022-10-11 17:39:44:3944 info: Server listening on port 8080
2022-10-11 17:39:52:3952 info: Server listening on port 8080
2022-10-11 17:39:57:3957 info: Server listening on port 8080
2022-10-11 17:40:02:402 info: Server listening on port 8080
2022-10-11 17:40:38:4038 info: Server listening on port 8080
2022-10-11 18:50:19:5019 info: Server listening on port 8080
2022-10-11 18:50:24:5024 info: Server listening on port 8080
2022-10-11 18:50:28:5028 info: Server listening on port 8080
2022-10-11 18:50:36:5036 info: Server listening on port 8080
2022-10-11 18:52:34:5234 info: Server listening on port 8080
2022-10-11 18:52:40:5240 info: Server listening on port 8080
2022-10-11 18:52:41:5241 info: Server listening on port 8080
2022-10-11 18:52:42:5242 info: Server listening on port 8080
2022-10-11 18:52:45:5245 info: Server listening on port 8080
2022-10-11 18:52:51:5251 info: Server listening on port 8080
2022-10-11 18:53:02:532 info: Server listening on port 8080
2022-10-11 18:53:11:5311 info: Server listening on port 8080
2022-10-11 18:53:23:5323 info: Server listening on port 8080
2022-10-11 18:53:24:5324 info: Server listening on port 8080
2022-10-11 18:53:27:5327 info: Server listening on port 8080
2022-10-11 18:53:31:5331 info: Server listening on port 8080
2022-10-11 18:53:48:5348 info: Server listening on port 8080
2022-10-11 18:53:49:5349 info: Server listening on port 8080
2022-10-11 18:53:51:5351 info: Server listening on port 8080
2022-10-11 18:53:56:5356 info: Server listening on port 8080
2022-10-11 18:56:27:5627 info: GET /v1/api/topics 200 14.976 ms - 58
2022-10-11 18:56:37:5637 info: Server listening on port 8080
2022-10-11 18:56:43:5643 info: Server listening on port 8080
2022-10-11 18:56:46:5646 info: Server listening on port 8080
2022-10-11 18:56:47:5647 info: Server listening on port 8080
2022-10-11 18:59:43:5943 info: Server listening on port 8080
2022-10-11 18:59:56:5956 info: Server listening on port 8080
2022-10-11 19:00:00:00 info: Server listening on port 8080
2022-10-11 19:00:10:010 info: Server listening on port 8080
2022-10-11 19:00:15:015 info: Server listening on port 8080
2022-10-11 19:00:23:023 info: Server listening on port 8080
2022-10-11 19:00:33:033 info: Server listening on port 8080
2022-10-11 19:00:36:036 info: Server listening on port 8080
2022-10-11 19:00:39:039 info: Server listening on port 8080
2022-10-11 19:00:42:042 info: Server listening on port 8080
2022-10-11 19:00:45:045 info: Server listening on port 8080
2022-10-11 19:00:47:047 info: Server listening on port 8080
2022-10-11 19:01:04:14 info: Server listening on port 8080
2022-10-11 19:01:16:116 info: Server listening on port 8080
2022-10-11 19:01:19:119 info: Server listening on port 8080
2022-10-11 19:01:47:147 info: POST /v1/api/topics 500 13.849 ms - 140
2022-10-11 19:02:00:20 info: POST /v1/api/topics 500 2.480 ms - 140
2022-10-11 19:02:06:26 info: POST /v1/api/topics 500 10.293 ms - 140
2022-10-11 19:02:08:28 info: POST /v1/api/topics 500 2.838 ms - 140
2022-10-11 19:02:15:215 info: POST /v1/api/topics 500 2.288 ms - 250
2022-10-11 19:02:25:225 info: Server listening on port 8080
2022-10-11 19:02:29:229 info: Server listening on port 8080
2022-10-11 19:02:48:248 info: Server listening on port 8080
2022-10-11 19:02:53:253 info: Server listening on port 8080
2022-10-11 19:03:09:39 info: Server listening on port 8080
2022-10-11 19:03:11:311 info: POST /v1/api/topics 400 9.490 ms - 133
2022-10-11 19:03:13:313 info: POST /v1/api/topics 400 1.191 ms - 122
2022-10-11 19:03:15:315 info: POST /v1/api/topics 400 0.831 ms - 133
2022-10-11 19:03:28:328 info: POST /v1/api/topics 500 14.141 ms - 98
2022-10-11 19:03:45:345 info: Server listening on port 8080
2022-10-11 19:03:47:347 info: POST /v1/api/topics 200 22.479 ms - 150
2022-10-11 19:04:11:411 info: Server listening on port 8080
2022-10-11 19:04:15:415 info: Server listening on port 8080
2022-10-11 19:04:17:417 info: Server listening on port 8080
2022-10-11 19:04:58:458 info: POST /v1/api/topics 200 21.653 ms - 150
2022-10-11 19:05:09:59 info: Server listening on port 8080
2022-10-11 19:05:16:516 info: Server listening on port 8080
2022-10-11 19:05:32:532 info: Server listening on port 8080
2022-10-11 19:05:42:542 info: Server listening on port 8080
2022-10-11 19:05:45:545 info: Server listening on port 8080
2022-10-11 19:05:50:550 info: POST /v1/api/topics 200 24.505 ms - 119
2022-10-11 19:06:02:62 info: Server listening on port 8080
2022-10-11 19:06:05:65 info: Server listening on port 8080
2022-10-11 19:06:08:68 info: Server listening on port 8080
2022-10-11 19:06:13:613 info: Server listening on port 8080
2022-10-11 19:06:25:625 info: Server listening on port 8080
2022-10-11 19:06:27:627 info: POST /v1/api/topics 200 24.542 ms - 117
2022-10-11 19:06:29:629 info: POST /v1/api/topics 200 5.521 ms - 117
2022-10-11 19:06:30:630 info: POST /v1/api/topics 200 3.945 ms - 117
2022-10-11 19:06:32:632 info: GET /v1/api/topics 200 1.779 ms - 410
2022-10-11 19:06:50:650 info: Server listening on port 8080
2022-10-11 19:06:53:653 info: Server listening on port 8080
2022-10-11 19:06:55:655 info: Server listening on port 8080
2022-10-11 19:06:55:655 info: Server listening on port 8080
2022-10-11 19:07:09:79 info: Server listening on port 8080
2022-10-11 19:07:12:712 info: Server listening on port 8080
2022-10-11 19:09:45:945 info: Server listening on port 8080
2022-10-11 19:09:51:951 info: Server listening on port 8080
2022-10-11 19:09:54:954 info: Server listening on port 8080
2022-10-11 19:09:56:956 info: Server listening on port 8080
2022-10-11 19:10:03:103 info: Server listening on port 8080
2022-10-11 19:10:05:105 info: Server listening on port 8080
2022-10-11 19:10:08:108 info: Server listening on port 8080
2022-10-11 19:10:14:1014 info: Server listening on port 8080
2022-10-11 19:10:18:1018 info: Server listening on port 8080
2022-10-11 19:10:20:1020 info: Server listening on port 8080
2022-10-11 19:10:24:1024 info: Server listening on port 8080
2022-10-11 19:10:26:1026 info: Server listening on port 8080
2022-10-11 19:10:28:1028 info: Server listening on port 8080
2022-10-11 19:10:32:1032 info: Server listening on port 8080
2022-10-11 19:10:35:1035 info: Server listening on port 8080
2022-10-11 19:10:37:1037 info: Server listening on port 8080
2022-10-11 19:10:47:1047 info: Server listening on port 8080
2022-10-11 19:10:53:1053 info: Server listening on port 8080
2022-10-11 19:11:28:1128 info: Server listening on port 8080
2022-10-11 19:11:33:1133 info: Server listening on port 8080
2022-10-11 19:11:35:1135 info: Server listening on port 8080
2022-10-11 19:11:38:1138 info: Server listening on port 8080
2022-10-11 19:11:58:1158 info: Server listening on port 8080
2022-10-11 19:12:00:120 info: Server listening on port 8080
2022-10-11 19:12:10:1210 info: Server listening on port 8080
2022-10-11 19:12:13:1213 info: Server listening on port 8080
2022-10-11 19:12:14:1214 info: Server listening on port 8080
2022-10-11 19:12:29:1229 info: Server listening on port 8080
2022-10-11 19:12:31:1231 info: Server listening on port 8080
2022-10-11 19:12:40:1240 info: Server listening on port 8080
2022-10-11 19:12:43:1243 info: Server listening on port 8080
2022-10-11 19:12:47:1247 info: Server listening on port 8080
2022-10-11 19:12:50:1250 info: Server listening on port 8080
2022-10-11 19:12:53:1253 info: Server listening on port 8080
2022-10-11 19:12:57:1257 info: Server listening on port 8080
2022-10-11 19:13:00:130 info: Server listening on port 8080
2022-10-11 19:13:06:136 info: Server listening on port 8080
2022-10-11 19:13:13:1313 info: Server listening on port 8080
2022-10-11 19:13:16:1316 info: Server listening on port 8080
2022-10-11 19:13:19:1319 info: Server listening on port 8080
2022-10-11 19:13:22:1322 info: Server listening on port 8080
2022-10-11 19:13:24:1324 info: Server listening on port 8080
2022-10-11 19:13:42:1342 info: POST /v1/api/topics/1 404 7.236 ms - 155
2022-10-11 19:13:47:1347 info: Server listening on port 8080
2022-10-11 19:13:49:1349 info: PUT /v1/api/topics/1 200 24.017 ms - 120
2022-10-11 19:13:54:1354 info: GET /v1/api/topics 200 2.663 ms - 442
2022-10-11 19:13:59:1359 info: PUT /v1/api/topics/1 200 5.465 ms - 127
2022-10-11 19:14:02:142 info: GET /v1/api/topics 200 1.898 ms - 484
2022-10-11 19:14:10:1410 info: PUT /v1/api/topics/1 200 6.866 ms - 127
2022-10-11 19:14:13:1413 info: GET /v1/api/topics 200 2.707 ms - 484
2022-10-11 19:14:56:1456 info: Server listening on port 8080
2022-10-11 19:14:58:1458 info: Server listening on port 8080
2022-10-11 19:15:11:1511 info: Server listening on port 8080
2022-10-11 19:15:18:1518 info: Server listening on port 8080
2022-10-11 19:15:24:1524 info: Server listening on port 8080
2022-10-11 19:15:29:1529 info: Server listening on port 8080
2022-10-11 19:15:31:1531 info: Server listening on port 8080
2022-10-11 19:15:33:1533 info: Server listening on port 8080
2022-10-11 19:15:36:1536 info: Server listening on port 8080
2022-10-11 19:15:48:1548 info: Server listening on port 8080
2022-10-11 19:15:53:1553 info: Server listening on port 8080
2022-10-11 19:16:04:164 info: Server listening on port 8080
2022-10-11 19:16:08:168 info: Server listening on port 8080
2022-10-11 19:16:23:1623 info: DELETE /v1/api/topics/7 404 14.395 ms - 56
2022-10-11 19:16:27:1627 info: DELETE /v1/api/topics/6 200 5.822 ms - 63
2022-10-11 19:16:29:1629 info: DELETE /v1/api/topics/6 404 2.513 ms - 56
2022-10-11 19:16:32:1632 info: GET /v1/api/topics 200 1.855 ms - 413
2022-10-11 19:16:37:1637 info: POST /v1/api/topics 200 12.501 ms - 117
2022-10-11 19:16:38:1638 info: GET /v1/api/topics 200 2.191 ms - 472
2022-10-11 19:17:13:1713 info: Server listening on port 8080
2022-10-11 19:17:18:1718 info: Server listening on port 8080
2022-10-11 19:18:26:1826 info: GET /v1/api/questions 200 2.842 ms - 62
2022-10-11 19:18:30:1830 info: Server listening on port 8080
2022-10-11 19:18:39:1839 info: Server listening on port 8080
2022-10-11 19:18:45:1845 info: Server listening on port 8080
2022-10-11 19:18:46:1846 info: GET /v1/api/questions 200 14.403 ms - 245
2022-10-11 19:18:56:1856 info: Server listening on port 8080
2022-10-11 19:19:11:1911 info: Server listening on port 8080
2022-10-11 19:19:12:1912 info: GET /v1/api/questions 200 14.742 ms - 307
2022-10-11 19:19:16:1916 info: Server listening on port 8080
2022-10-11 19:19:44:1944 info: Server listening on port 8080
2022-10-11 19:20:11:2011 info: Server listening on port 8080
2022-10-11 19:20:11:2011 info: GET /v1/api/questions 200 13.982 ms - 307
2022-10-11 19:20:17:2017 info: Server listening on port 8080
2022-10-11 19:20:22:2022 info: Server listening on port 8080
2022-10-11 19:20:22:2022 info: GET /v1/api/questions 200 14.044 ms - 319
2022-10-11 19:20:41:2041 info: Server listening on port 8080
2022-10-11 19:20:46:2046 info: Server listening on port 8080
2022-10-11 19:20:46:2046 info: Server listening on port 8080
2022-10-11 19:20:48:2048 info: Server listening on port 8080
2022-10-11 19:20:59:2059 info: Server listening on port 8080
2022-10-11 19:21:00:210 info: GET /v1/api/questions 200 13.711 ms - 64
2022-10-11 19:21:06:216 info: Server listening on port 8080
2022-10-11 19:21:07:217 info: GET /v1/api/questions 200 14.398 ms - 81
2022-10-11 19:21:14:2114 info: Server listening on port 8080
2022-10-11 19:21:18:2118 info: Server listening on port 8080
2022-10-11 19:22:02:222 info: Server listening on port 8080
2022-10-11 19:22:09:229 info: Server listening on port 8080
2022-10-11 19:22:13:2213 info: Server listening on port 8080
2022-10-11 19:22:16:2216 info: Server listening on port 8080
2022-10-11 19:22:17:2217 info: GET /v1/api/questions 200 15.094 ms - 117
2022-10-11 19:22:19:2219 info: Server listening on port 8080
2022-10-11 19:22:23:2223 info: Server listening on port 8080
2022-10-11 19:22:29:2229 info: Server listening on port 8080
2022-10-11 19:22:29:2229 info: GET /v1/api/questions 200 13.508 ms - 178
2022-10-11 19:22:43:2243 info: Server listening on port 8080
2022-10-11 19:22:48:2248 info: Server listening on port 8080
2022-10-11 19:22:51:2251 info: Server listening on port 8080
2022-10-11 19:22:52:2252 info: GET /v1/api/questions 200 16.033 ms - 185
2022-10-11 19:23:08:238 info: Server listening on port 8080
2022-10-11 19:23:09:239 info: GET /v1/api/questions 200 13.830 ms - 192
2022-10-11 19:23:34:2334 info: Server listening on port 8080
2022-10-11 19:23:35:2335 info: Server listening on port 8080
2022-10-11 19:23:40:2340 info: Server listening on port 8080
2022-10-11 19:23:48:2348 info: Server listening on port 8080
2022-10-11 19:23:53:2353 info: Server listening on port 8080
2022-10-11 19:23:55:2355 info: Server listening on port 8080
2022-10-11 19:23:58:2358 info: Server listening on port 8080
2022-10-11 19:24:00:240 info: Server listening on port 8080
2022-10-11 19:24:07:247 info: Server listening on port 8080
2022-10-11 19:24:10:2410 info: Server listening on port 8080
2022-10-11 19:24:13:2413 info: Server listening on port 8080
2022-10-11 19:24:17:2417 info: Server listening on port 8080
2022-10-11 19:24:20:2420 info: Server listening on port 8080
2022-10-11 19:24:28:2428 info: Server listening on port 8080
2022-10-11 19:24:39:2439 info: Server listening on port 8080
2022-10-11 19:24:55:2455 info: Server listening on port 8080
2022-10-11 19:25:10:2510 info: Server listening on port 8080
2022-10-11 19:25:11:2511 info: GET /v1/api/questions 200 16.766 ms - 208
2022-10-11 19:25:26:2526 info: Server listening on port 8080
2022-10-11 19:25:31:2531 info: Server listening on port 8080
2022-10-11 19:25:37:2537 info: Server listening on port 8080
2022-10-11 19:25:43:2543 info: Server listening on port 8080
2022-10-11 19:25:44:2544 info: GET /v1/api/questions 200 13.648 ms - 255
2022-10-11 19:26:02:262 info: Server listening on port 8080
2022-10-11 19:26:02:262 info: GET /v1/api/questions 200 13.601 ms - 278
2022-10-11 19:27:42:2742 info: Server listening on port 8080
2022-10-11 19:27:46:2746 info: Server listening on port 8080
2022-10-11 19:27:50:2750 info: Server listening on port 8080
2022-10-11 19:27:51:2751 info: Server listening on port 8080
2022-10-11 19:28:02:282 info: Server listening on port 8080
2022-10-11 19:28:04:284 info: Server listening on port 8080
2022-10-11 19:28:08:288 info: Server listening on port 8080
2022-10-11 19:28:22:2822 info: Server listening on port 8080
2022-10-11 19:28:36:2836 info: Server listening on port 8080
2022-10-11 19:28:40:2840 info: GET /v1/api/questions 500 11.146 ms - 295
2022-10-11 19:29:20:2920 info: Server listening on port 8080
2022-10-11 19:29:45:2945 info: Server listening on port 8080
2022-10-11 19:29:49:2949 info: Server listening on port 8080
2022-10-11 19:29:51:2951 info: Server listening on port 8080
2022-10-11 19:29:58:2958 info: Server listening on port 8080
2022-10-11 19:30:00:300 info: Server listening on port 8080
2022-10-11 19:30:10:3010 info: Server listening on port 8080
2022-10-11 19:30:15:3015 info: Server listening on port 8080
2022-10-11 19:30:16:3016 info: GET /v1/api/questions 500 11.414 ms - 294
2022-10-11 19:30:58:3058 info: Server listening on port 8080
2022-10-11 19:30:59:3059 info: GET /v1/api/questions 200 18.367 ms - 278
2022-10-11 19:31:13:3113 info: Server listening on port 8080
2022-10-11 19:31:13:3113 info: GET /v1/api/questions 200 14.158 ms - 296
2022-10-11 19:31:41:3141 info: Server listening on port 8080
2022-10-11 19:31:42:3142 info: GET /v1/api/questions 200 14.340 ms - 336
2022-10-11 19:32:30:3230 info: Server listening on port 8080
2022-10-11 19:32:39:3239 info: Server listening on port 8080
2022-10-11 19:32:44:3244 info: Server listening on port 8080
2022-10-11 19:32:51:3251 info: Server listening on port 8080
2022-10-11 19:32:54:3254 info: Server listening on port 8080
2022-10-11 19:32:56:3256 info: Server listening on port 8080
2022-10-11 19:33:01:331 info: Server listening on port 8080
2022-10-11 19:33:03:333 info: Server listening on port 8080
2022-10-11 19:33:06:336 info: GET /v1/api/questions 200 13.377 ms - 336
2022-10-11 19:33:20:3320 info: GET /v1/api/questions?topics_id=2 200 3.422 ms - 336
2022-10-11 19:33:21:3321 info: GET /v1/api/questions?topics_id=3 200 2.674 ms - 336
2022-10-11 19:33:22:3322 info: GET /v1/api/questions?topics_id=54 200 1.611 ms - 336
2022-10-11 19:33:24:3324 info: GET /v1/api/questions?topics_id=54 200 1.704 ms - 336
2022-10-11 19:33:27:3327 info: Server listening on port 8080
2022-10-11 19:34:22:3422 info: Server listening on port 8080
2022-10-11 19:34:38:3438 info: Server listening on port 8080
2022-10-11 19:34:41:3441 info: GET /v1/api/questions?topics_id=54 200 14.371 ms - 336
2022-10-11 19:34:42:3442 info: GET /v1/api/questions?topics_id=54 200 3.491 ms - 336
2022-10-11 19:34:47:3447 info: Server listening on port 8080
2022-10-11 19:34:48:3448 info: GET /v1/api/questions?topics_id=54 200 14.414 ms - 62
2022-10-11 19:34:49:3449 info: GET /v1/api/questions?topics_id=54 200 2.530 ms - 62
2022-10-11 19:34:51:3451 info: GET /v1/api/questions?topics_id=1 200 2.249 ms - 336
2022-10-11 19:35:10:3510 info: Server listening on port 8080
2022-10-11 19:35:14:3514 info: Server listening on port 8080
2022-10-11 19:35:17:3517 info: Server listening on port 8080
2022-10-11 19:35:20:3520 info: Server listening on port 8080
2022-10-11 19:35:23:3523 info: Server listening on port 8080
2022-10-11 19:35:25:3525 info: Server listening on port 8080
2022-10-11 19:35:29:3529 info: Server listening on port 8080
2022-10-11 19:35:34:3534 info: GET /v1/api/questions?q=pro 500 10.763 ms - 114
2022-10-11 19:35:42:3542 info: Server listening on port 8080
2022-10-11 19:35:48:3548 info: Server listening on port 8080
2022-10-11 19:35:54:3554 info: Server listening on port 8080
2022-10-11 19:35:55:3555 info: Server listening on port 8080
2022-10-11 19:36:01:361 info: Server listening on port 8080
2022-10-11 19:36:02:362 info: GET /v1/api/questions?q=pro 500 12.303 ms - 216
2022-10-11 19:36:04:364 info: GET /v1/api/questions?q=pro 500 2.199 ms - 216
2022-10-11 19:36:33:3633 info: Server listening on port 8080
2022-10-11 19:36:35:3635 info: GET /v1/api/questions?q=pro 200 13.870 ms - 62
2022-10-11 19:36:38:3638 info: GET /v1/api/questions?q= 200 2.514 ms - 336
2022-10-11 19:36:40:3640 info: GET /v1/api/questions?q=what 200 3.052 ms - 336
2022-10-11 19:36:42:3642 info: GET /v1/api/questions?q=w 200 3.932 ms - 336
2022-10-11 19:36:43:3643 info: GET /v1/api/questions?q=wh 200 2.632 ms - 336
2022-10-11 19:36:44:3644 info: GET /v1/api/questions?q=whks 200 1.936 ms - 62
2022-10-11 19:36:47:3647 info: GET /v1/api/questions?q=goleng 200 2.333 ms - 62
2022-10-11 19:36:50:3650 info: GET /v1/api/questions?q=golang 200 1.653 ms - 336
2022-10-11 19:44:31:4431 info: GET /v1/api/questions 200 2.433 ms - 336
2022-10-11 19:45:29:4529 info: Server listening on port 8080
2022-10-11 19:45:33:4533 info: Server listening on port 8080
2022-10-11 19:45:41:4541 info: Server listening on port 8080
2022-10-11 19:45:48:4548 info: Server listening on port 8080
2022-10-11 19:45:55:4555 info: Server listening on port 8080
2022-10-11 19:45:58:4558 info: Server listening on port 8080
2022-10-11 19:46:12:4612 info: Server listening on port 8080
2022-10-11 19:46:16:4616 info: Server listening on port 8080
2022-10-11 19:46:18:4618 info: Server listening on port 8080
2022-10-11 19:46:29:4629 info: Server listening on port 8080
2022-10-11 19:46:36:4636 info: Server listening on port 8080
2022-10-11 19:46:39:4639 info: Server listening on port 8080
2022-10-11 19:46:44:4644 info: Server listening on port 8080
2022-10-11 19:46:49:4649 info: Server listening on port 8080
2022-10-11 19:46:53:4653 info: Server listening on port 8080
2022-10-11 19:46:57:4657 info: Server listening on port 8080
2022-10-11 19:46:58:4658 info: Server listening on port 8080
2022-10-11 19:47:09:479 info: Server listening on port 8080
2022-10-11 19:47:13:4713 info: Server listening on port 8080
2022-10-11 19:47:17:4717 info: Server listening on port 8080
2022-10-11 19:47:22:4722 info: Server listening on port 8080
2022-10-11 19:47:25:4725 info: Server listening on port 8080
2022-10-11 19:47:29:4729 info: Server listening on port 8080
2022-10-11 19:47:49:4749 info: Server listening on port 8080
2022-10-11 19:47:51:4751 info: Server listening on port 8080
2022-10-11 19:47:54:4754 info: Server listening on port 8080
2022-10-11 19:48:00:480 info: Server listening on port 8080
2022-10-11 19:48:02:482 info: Server listening on port 8080
2022-10-11 19:48:05:485 info: Server listening on port 8080
2022-10-11 19:48:08:488 info: Server listening on port 8080
2022-10-11 19:48:10:4810 info: Server listening on port 8080
2022-10-11 19:48:14:4814 info: Server listening on port 8080
2022-10-11 19:48:26:4826 info: Server listening on port 8080
2022-10-11 19:48:43:4843 info: Server listening on port 8080
2022-10-11 19:48:52:4852 info: Server listening on port 8080
2022-10-11 19:48:52:4852 info: Server listening on port 8080
2022-10-11 19:49:59:4959 info: Server listening on port 8080
2022-10-11 19:50:02:502 info: Server listening on port 8080
2022-10-11 19:50:05:505 info: Server listening on port 8080
2022-10-11 19:50:13:5013 info: Server listening on port 8080
2022-10-11 19:50:19:5019 info: Server listening on port 8080
2022-10-11 19:50:20:5020 info: Server listening on port 8080
2022-10-11 19:50:23:5023 info: Server listening on port 8080
2022-10-11 19:50:26:5026 info: Server listening on port 8080
2022-10-11 19:50:28:5028 info: Server listening on port 8080
2022-10-11 19:50:30:5030 info: Server listening on port 8080
2022-10-11 19:50:35:5035 info: Server listening on port 8080
2022-10-11 19:50:40:5040 info: Server listening on port 8080
2022-10-11 19:50:43:5043 info: Server listening on port 8080
2022-10-11 19:50:45:5045 info: Server listening on port 8080
2022-10-11 19:50:46:5046 info: Server listening on port 8080
2022-10-11 19:50:48:5048 info: Server listening on port 8080
2022-10-11 19:50:50:5050 info: Server listening on port 8080
2022-10-11 19:50:58:5058 info: Server listening on port 8080
2022-10-11 19:51:08:518 info: Server listening on port 8080
2022-10-11 19:51:12:5112 info: Server listening on port 8080
2022-10-11 19:51:30:5130 info: Server listening on port 8080
2022-10-11 19:51:33:5133 info: Server listening on port 8080
2022-10-11 19:51:45:5145 info: Server listening on port 8080
2022-10-11 19:51:46:5146 info: Server listening on port 8080
2022-10-11 19:51:48:5148 info: Server listening on port 8080
2022-10-11 19:51:49:5149 info: Server listening on port 8080
2022-10-11 19:51:52:5152 info: Server listening on port 8080
2022-10-11 19:51:54:5154 info: Server listening on port 8080
2022-10-11 19:51:56:5156 info: Server listening on port 8080
2022-10-11 19:51:57:5157 info: Server listening on port 8080
2022-10-11 19:52:05:525 info: Server listening on port 8080
2022-10-11 19:52:06:526 info: Server listening on port 8080
2022-10-11 19:52:08:528 info: Server listening on port 8080
2022-10-11 19:52:11:5211 info: Server listening on port 8080
2022-10-11 19:52:32:5232 info: Server listening on port 8080
2022-10-11 19:52:35:5235 info: Server listening on port 8080
2022-10-11 19:52:44:5244 info: Server listening on port 8080
2022-10-11 19:52:44:5244 info: Server listening on port 8080
2022-10-11 19:52:58:5258 info: Server listening on port 8080
2022-10-11 19:53:03:533 info: Server listening on port 8080
2022-10-11 19:53:07:537 info: Server listening on port 8080
2022-10-11 19:53:13:5313 info: Server listening on port 8080
2022-10-11 19:53:17:5317 info: Server listening on port 8080
2022-10-11 19:53:46:5346 info: Server listening on port 8080
2022-10-11 19:53:55:5355 info: Server listening on port 8080
2022-10-11 19:54:00:540 info: Server listening on port 8080
2022-10-11 19:54:07:547 info: Server listening on port 8080
2022-10-11 19:54:08:548 info: Server listening on port 8080
2022-10-11 19:54:09:549 info: Server listening on port 8080
2022-10-11 19:54:22:5422 info: Server listening on port 8080
2022-10-11 19:54:26:5426 info: Server listening on port 8080
2022-10-11 19:54:35:5435 info: POST /v1/api/questions 400 10.866 ms - 328
2022-10-11 19:54:49:5449 info: POST /v1/api/questions 400 1.785 ms - 265
2022-10-11 19:55:00:550 info: POST /v1/api/questions 400 1.466 ms - 204
2022-10-11 19:55:07:557 info: Server listening on port 8080
2022-10-11 19:55:34:5534 info: Server listening on port 8080
2022-10-11 19:55:43:5543 info: Server listening on port 8080
2022-10-11 19:55:47:5547 info: Server listening on port 8080
2022-10-11 19:55:47:5547 info: POST /v1/api/questions 401 9.956 ms - 53
2022-10-11 19:55:52:5552 info: POST /v1/api/auth/sign-in 200 68.297 ms - 224
2022-10-11 19:56:01:561 info: POST /v1/api/questions 400 2.331 ms - 135
2022-10-11 19:56:12:5612 info: POST /v1/api/questions 404 3.160 ms - 56
2022-10-11 19:56:14:5614 info: POST /v1/api/questions 500 6.878 ms - 238
2022-10-11 19:56:29:5629 info: Server listening on port 8080
2022-10-11 19:56:30:5630 info: POST /v1/api/questions 500 30.370 ms - 98
2022-10-11 19:56:45:5645 info: Server listening on port 8080
2022-10-11 19:56:51:5651 info: Server listening on port 8080
2022-10-11 19:56:52:5652 info: POST /v1/api/questions 200 28.429 ms - 335
2022-10-11 19:57:07:577 info: POST /v1/api/questions 200 8.789 ms - 335
2022-10-11 20:07:12:712 info: POST /v1/api/questions 200 6.734 ms - 335
2022-10-11 20:07:14:714 info: GET /v1/api/questions 200 2.615 ms - 1706
2022-10-11 20:07:19:719 info: GET /v1/api/questions?q=golang 200 2.037 ms - 336
